-------------------------------------------------------------------------------
Test set: TestSuite
-------------------------------------------------------------------------------
Tests run: 4, Failures: 1, Errors: 0, Skipped: 0, Time elapsed: 36.069 s <<< FAILURE! - in TestSuite
academy.ValidateTitle.titleTest  Time elapsed: 0.684 s  <<< FAILURE!
java.lang.AssertionError: expected [true] but found [false]
	at academy.ValidateTitle.titleTest(ValidateTitle.java:30)

