<?xml version="1.0" encoding="UTF-8"?>
<testsuite xmlns:xsi="http://www.w3.org/2001/XMLSchema-instance" xsi:noNamespaceSchemaLocation="https://maven.apache.org/surefire/maven-surefire-plugin/xsd/surefire-test-report-3.0.xsd" version="3.0" name="TestSuite" time="36.069" tests="4" errors="0" skipped="0" failures="1">
  <properties>
[...]
</properties>
  <testcase name="navBarTest" classname="academy.ValidateNavBar" time="0.066">
    <system-err><![CDATA[ERROR StatusLogger Log4j2 could not find a logging implementation. Please add log4j-core to the classpath. Using SimpleLogger to log to the console...
11661166660088998888552200		ggeecckkooddrriivveerr		IINNFFOO		LLiisstteenniinngg  oonn  112277..00..00..11::3371450623

1616608988522	geckodriver	INFO	Listening on 127.0.0.1:16974
11661166660088998899222288		mmoozzrruunnnneerr::::rruunnnneerr		IINNFFOO		RRununninning gcomma ncdo:m m"aCn:d\:\Pr o"gCr:a\m\P rFoiglresa\m\ Mozilla Firefox\\fFiirelfeosx\.\exMeo"z i"l-l-am aFriiorneetftoex"\ \"-ffiorreefgrooxu.nedx"e ""- n"o---rmemaortieo"n e"t-tper"o f"i-lfeo"r e"gCr:\o\uWnidn"d o"ws-\n\oT-ErMPe\\rmuostte_" "-profile" "C:\\Winmdoozwpsr\o\fTiEMPl\e\Jr3usPt_PmCo2z"p
rofilepHmvdg"
1616608989234	mozrunner::runner	INFO	Running command: "C:\\Program Files\\Mozilla Firefox\\firefox.exe" "--marionette" "-foreground" "-no-remote" "-profile" "C:\\Windows\\TEMP\\rust_mozprofileGl4KlQ"
[GFX1-]: RcANGLE(no compositor window)
[GFX1-]: Failed to connect WebRenderBridgeChild.
[GFX1-]: Fallback (SW-)WR to Basic
[GFX1-]: RcANGLE(no compositor window)
[GFX1-]: Failed to connect WebRenderBridgeChild.
[GFX1-]: Fallback (SW-)WR to Basic
[GFX1-]: RcANGLE(no compositor window)
[GFX1-]: Failed to connect WebRenderBridgeChild.
[GFX1-]: Fallback (SW-)WR to Basic
console.warn: SearchSettings: "get: No settings file exists, new profile?" (new Error("", "(unknown module)"))
console.warn: SceoanrschoSleet.twinagrs: n"ge:t :S eNaor scehtSteitntgisng fsi:l e" geetx:i sNtos ,s entetwi npgrso ffiillee? "e x(insetws E,r rnoerw (p"r"o,f i"l(eu?n"k n(noewwn  Emrordourl(e")"",) )"(
unknown module)"))
1616608991824	Marionette	INFO	Listening on port 55400
1616608991899	Marionette	WARN	TLS certificate errors will be ignored for this session
Mar. 24, 2021 2:03:11 P.M. org.openqa.selenium.remote.ProtocolHandshake createSession
INFO: Detected dialect: W3C
1616608991996	Marionette	INFO	Listening on port 55402
1616608992064	Marionette	INFO	Listening on port 55401
1616608992370	Marionette	WARN	TLS certificate errors will be ignored for this session
Mar. 24, 2021 2:03:12 P.M. org.openqa.selenium.remote.ProtocolHandshake createSession
INFO: Detected dialect: W3C
1616608992442	Marionette	WARN	TLS certificate errors will be ignored for this session
Mar. 24, 2021 2:03:12 P.M. org.openqa.selenium.remote.ProtocolHandshake createSession
INFO: Detected dialect: W3C
]]></system-err>
  </testcase>
  <testcase name="titleTest" classname="academy.ValidateTitle" time="0.684">
    <failure message="expected [true] but found [false]" type="java.lang.AssertionError"><![CDATA[java.lang.AssertionError: expected [true] but found [false]
	at academy.ValidateTitle.titleTest(ValidateTitle.java:30)
]]></failure>
    <system-out><![CDATA[test failed- starting onTestFailure
]]></system-out>
    <system-err><![CDATA[1616609002730	Marionette	INFO	Stopped listening on port 55400

###!!! [Child][RunMessage] Error: Channel closing: too late to send/recv, messages will be lost

]]></system-err>
  </testcase>
  <testcase name="basePageNavigation[non@restricted.com, password, Restricted user](1)" classname="academy.HomePage" time="3.889">
    <system-out><![CDATA[Restricted user
]]></system-out>
    <system-err><![CDATA[1616609003489	Marionette	INFO	Stopped listening on port 55401

###!!! [Child][RunMessage] Error: Channel closing: too late to send/recv, messages will be lost


###!!! [Child][RunMessage] Error: Channel closing: too late to send/recv, messages will be lost


###!!! [Child][RunMessage] Error: Channel closing: too late to send/recv, messages will be lost

JavaScript error: resource://gre/modules/Sqlite.jsm, line 1030: Error: Sqlite.jsm has been shutdown. Cannot open connection to: C:\Windows\Temp\rust_mozprofilepHmvdg\protections.sqlite

###!!! [Child][RunMessage] Error: Channel closing: too late to send/recv, messages will be lost

1616609006029	Marionette	INFO	Stopped listening on port 55402

###!!! [Child][RunMessage] Error: Channel closing: too late to send/recv, messages will be lost

]]></system-err>
  </testcase>
  <testcase name="basePageNavigation[non@rested.com, pasd, Non-Restricted user](2)" classname="academy.HomePage" time="16.518">
    <system-out><![CDATA[Non-Restricted user
]]></system-out>
    <system-err><![CDATA[1616609006721	geckodriver	INFO	Listening on 127.0.0.1:17347
1616609007209	mozrunner::runner	INFO	Running command: "C:\\Program Files\\Mozilla Firefox\\firefox.exe" "--marionette" "-foreground" "-no-remote" "-profile" "C:\\Windows\\TEMP\\rust_mozprofileh8ShGm"
[GFX1-]: RcANGLE(no compositor window)
[GFX1-]: Failed to connect WebRenderBridgeChild.
[GFX1-]: Fallback (SW-)WR to Basic
console.warn: SearchSettings: "get: No settings file exists, new profile?" (new Error("", "(unknown module)"))
1616609008969	Marionette	INFO	Listening on port 55704
1616609009230	Marionette	WARN	TLS certificate errors will be ignored for this session
Mar. 24, 2021 2:03:29 P.M. org.openqa.selenium.remote.ProtocolHandshake createSession
INFO: Detected dialect: W3C
1616609022586	Marionette	INFO	Stopped listening on port 55704

###!!! [Child][RunMessage] Error: Channel closing: too late to send/recv, messages will be lost

]]></system-err>
  </testcase>
</testsuite>